Unity Editor version:    2021.3.35f1 (157b46ce122a)
Branch:                  2021.3/staging
Build type:              Release
Batch mode:              YES
macOS version:           Version 14.4.1 (Build 23E224)
Darwin version:          23.4.0
Architecture:            x86_64
Running under Rosetta:   YES
Available memory:        8192 MB
Using pre-set license
Pro License: YES

COMMAND LINE ARGUMENTS:
/Applications/Unity/Hub/Editor/2021.3.35f1/Unity.app/Contents/MacOS/Unity
-adb2
-batchMode
-noUpm
-name
AssetImportWorker0
-projectPath
/Users/michellekathryn/Documents/GitHub/Mickey-Maze/My project
-logFile
Logs/AssetImportWorker0.log
-srvPort
49546
Successfully changed project path to: /Users/michellekathryn/Documents/GitHub/Mickey-Maze/My project
/Users/michellekathryn/Documents/GitHub/Mickey-Maze/My project
[UnityMemory] Configuration Parameters - Can be set up in boot.config
    "memorysetup-bucket-allocator-granularity=16"
    "memorysetup-bucket-allocator-bucket-count=8"
    "memorysetup-bucket-allocator-block-size=33554432"
    "memorysetup-bucket-allocator-block-count=8"
    "memorysetup-main-allocator-block-size=16777216"
    "memorysetup-thread-allocator-block-size=16777216"
    "memorysetup-gfx-main-allocator-block-size=16777216"
    "memorysetup-gfx-thread-allocator-block-size=16777216"
    "memorysetup-cache-allocator-block-size=4194304"
    "memorysetup-typetree-allocator-block-size=2097152"
    "memorysetup-profiler-bucket-allocator-granularity=16"
    "memorysetup-profiler-bucket-allocator-bucket-count=8"
    "memorysetup-profiler-bucket-allocator-block-size=33554432"
    "memorysetup-profiler-bucket-allocator-block-count=8"
    "memorysetup-profiler-allocator-block-size=16777216"
    "memorysetup-profiler-editor-allocator-block-size=1048576"
    "memorysetup-temp-allocator-size-main=16777216"
    "memorysetup-job-temp-allocator-block-size=2097152"
    "memorysetup-job-temp-allocator-block-size-background=1048576"
    "memorysetup-job-temp-allocator-reduction-small-platforms=262144"
    "memorysetup-temp-allocator-size-background-worker=32768"
    "memorysetup-temp-allocator-size-job-worker=262144"
    "memorysetup-temp-allocator-size-preload-manager=33554432"
    "memorysetup-temp-allocator-size-nav-mesh-worker=65536"
    "memorysetup-temp-allocator-size-audio-worker=65536"
    "memorysetup-temp-allocator-size-cloud-worker=32768"
    "memorysetup-temp-allocator-size-gi-baking-worker=262144"
    "memorysetup-temp-allocator-size-gfx=262144"
Player connection [8770236992] Host "[IP] 10.105.62.74 [Port] 0 [Flags] 2 [Guid] 3762836663 [EditorId] 3762836663 [Version] 1048832 [Id] OSXEditor(0,michelle-k.local) [Debug] 1 [PackageName] OSXEditor [ProjectName] Editor" joined multi-casting on [225.0.0.222:54997]...

Player connection [8770236992] Host "[IP] 10.105.62.74 [Port] 0 [Flags] 2 [Guid] 3762836663 [EditorId] 3762836663 [Version] 1048832 [Id] OSXEditor(0,michelle-k.local) [Debug] 1 [PackageName] OSXEditor [ProjectName] Editor" joined alternative multi-casting on [225.0.0.222:34997]...

[Physics::Module] Initialized MultithreadedJobDispatcher with {0} workers.
Refreshing native plugins compatible for Editor in 1436.02 ms, found 0 plugins.
Preloading 0 native plugins for Editor in 0.00 ms.
Initialize engine version: 2021.3.35f1 (157b46ce122a)
[Subsystems] Discovering subsystems at path /Applications/Unity/Hub/Editor/2021.3.35f1/Unity.app/Contents/Resources/UnitySubsystems
[Subsystems] Discovering subsystems at path /Users/michellekathryn/Documents/GitHub/Mickey-Maze/My project/Assets
GfxDevice: creating device client; threaded=0; jobified=0
 preferred device: Apple M1 (high power)
Metal devices available: 1
0: Apple M1 (high power)
Using device Apple M1 (high power)
Initializing Metal device caps: Apple M1
Initialize mono
Mono path[0] = '/Applications/Unity/Hub/Editor/2021.3.35f1/Unity.app/Contents/Managed'
Mono path[1] = '/Applications/Unity/Hub/Editor/2021.3.35f1/Unity.app/Contents/MonoBleedingEdge/lib/mono/unityjit-macos'
Mono config path = '/Applications/Unity/Hub/Editor/2021.3.35f1/Unity.app/Contents/MonoBleedingEdge/etc'
Using monoOptions --debugger-agent=transport=dt_socket,embedding=1,server=y,suspend=n,address=127.0.0.1:56111
Begin MonoManager ReloadAssembly
Registering precompiled unity dll's ...
Register platform support module: /Applications/Unity/Hub/Editor/2021.3.35f1/Unity.app/Contents/PlaybackEngines/MacStandaloneSupport/UnityEditor.OSXStandalone.Extensions.dll
Register platform support module: /Applications/Unity/Hub/Editor/2021.3.35f1/PlaybackEngines/AndroidPlayer/UnityEditor.Android.Extensions.dll
Registered in 0.019817 seconds.
Native extension for Android target not found
Android Extension - Scanning For ADB Devices 5957 ms
Native extension for OSXStandalone target not found
Refreshing native plugins compatible for Editor in 119.83 ms, found 0 plugins.
Preloading 0 native plugins for Editor in 0.00 ms.
Mono: successfully reloaded assembly
- Completed reload, in  9.152 seconds
Domain Reload Profiling:
	ReloadAssembly (9154ms)
		BeginReloadAssembly (1004ms)
			ExecutionOrderSort (0ms)
			DisableScriptedObjects (0ms)
			BackupInstance (0ms)
			ReleaseScriptingObjects (0ms)
			CreateAndSetChildDomain (9ms)
		EndReloadAssembly (7831ms)
			LoadAssemblies (999ms)
			RebuildTransferFunctionScriptingTraits (14ms)
			SetupTypeCache (245ms)
			ReleaseScriptCaches (2ms)
			RebuildScriptCaches (37ms)
			SetupLoadedEditorAssemblies (7322ms)
				LogAssemblyErrors (0ms)
				InitializePlatformSupportModulesInManaged (6660ms)
				SetLoadedEditorAssemblies (1ms)
				RefreshPlugins (120ms)
				BeforeProcessingInitializeOnLoad (6ms)
				ProcessInitializeOnLoadAttributes (350ms)
				ProcessInitializeOnLoadMethodAttributes (185ms)
				AfterProcessingInitializeOnLoad (0ms)
				EditorAssembliesLoaded (1ms)
			ExecutionOrderSort2 (0ms)
			AwakeInstancesAfterBackupRestoration (0ms)
Platform modules already initialized, skipping
Registering precompiled user dll's ...
Registered in 0.006771 seconds.
Begin MonoManager ReloadAssembly
Native extension for Android target not found
Native extension for OSXStandalone target not found
Refreshing native plugins compatible for Editor in 1.28 ms, found 0 plugins.
Preloading 0 native plugins for Editor in 0.00 ms.
Mono: successfully reloaded assembly
- Completed reload, in  1.871 seconds
Domain Reload Profiling:
	ReloadAssembly (1873ms)
		BeginReloadAssembly (336ms)
			ExecutionOrderSort (0ms)
			DisableScriptedObjects (47ms)
			BackupInstance (0ms)
			ReleaseScriptingObjects (0ms)
			CreateAndSetChildDomain (41ms)
		EndReloadAssembly (1265ms)
			LoadAssemblies (193ms)
			RebuildTransferFunctionScriptingTraits (0ms)
			SetupTypeCache (254ms)
			ReleaseScriptCaches (0ms)
			RebuildScriptCaches (32ms)
			SetupLoadedEditorAssemblies (595ms)
				LogAssemblyErrors (0ms)
				InitializePlatformSupportModulesInManaged (76ms)
				SetLoadedEditorAssemblies (1ms)
				RefreshPlugins (1ms)
				BeforeProcessingInitializeOnLoad (76ms)
				ProcessInitializeOnLoadAttributes (346ms)
				ProcessInitializeOnLoadMethodAttributes (92ms)
				AfterProcessingInitializeOnLoad (1ms)
				EditorAssembliesLoaded (1ms)
			ExecutionOrderSort2 (0ms)
			AwakeInstancesAfterBackupRestoration (12ms)
Platform modules already initialized, skipping
========================================================================
Worker process is ready to serve import requests
Failed to load shader (instanceID 24588, GUID 9c442dc870b456e48b615cd8add0e9ef)
Failed to load shader (instanceID 24590, GUID 493b79ea9c9be44ed8b702014d3ac49c)
Launching external process: /Applications/Unity/Hub/Editor/2021.3.35f1/Unity.app/Contents/Tools/UnityShaderCompiler
Launched and connected shader compiler UnityShaderCompiler after 0.25 seconds
Refreshing native plugins compatible for Editor in 1.10 ms, found 0 plugins.
Preloading 0 native plugins for Editor in 0.00 ms.
Unloading 18 Unused Serialized files (Serialized files now loaded: 0)
Unloading 2 unused Assets / (40.5 KB). Loaded Objects now: 512.
Memory consumption went from 45.8 MB to 45.8 MB.
Total: 3.727583 ms (FindLiveObjects: 0.033250 ms CreateObjectMapping: 0.002958 ms MarkObjects: 3.596625 ms  DeleteObjects: 0.093833 ms)

AssetImportParameters requested are different than current active one (requested -> active):
  custom:video-decoder-ogg-theora: a1e56fd34408186e4bbccfd4996cb3dc -> 
  custom:container-muxer-webm: aa71ff27fc2769a1b78a27578f13a17b -> 
  custom:container-demuxer-webm: 4f35f7cbe854078d1ac9338744f61a02 -> 
  custom:video-encoder-webm-vp8: eb34c28f22e8b96e1ab97ce403110664 -> 
  custom:framework-osx-AVFoundation: e770b220cccbd017edd2c1fefb359320 -> 
  custom:CustomObjectIndexerAttribute: bc11b3a6c3213fcdd17b65e7da85e133 -> 
  custom:audio-encoder-webm-vorbis: bf7c407c2cedff20999df2af8eb42d56 -> 
  custom:SearchIndexIgnoredProperties: e643bd26f0fe6173181afceb89e7c659 -> 
  custom:container-demuxer-ogg: 62fdf1f143b41e24485cea50d1cbac27 -> 
  custom:video-decoder-webm-vp8: 9c59270c3fd7afecdb556c50c9e8de78 -> 
  custom:audio-decoder-ogg-vorbis: bf7c407c2cedff20999df2af8eb42d56 -> 
========================================================================
Received Import Request.
  Time since last request: 7716.489529 seconds.
  path: Assets/Michelle.unity
  artifactKey: Guid(9f465474132954bceaffba3235b74b21) Importer(815301076,1909f56bfc062723c751e8b465ee728b)
Number of updated assets reloaded before import = 0
Start importing Assets/Michelle.unity using Guid(9f465474132954bceaffba3235b74b21) Importer(815301076,1909f56bfc062723c751e8b465ee728b)  -> (artifact id: '67b5a994e270a192858e5003fe0ef01b') in 0.008314 seconds 
Number of asset objects unloaded after import = 0
========================================================================
Received Import Request.
  Time since last request: 0.000088 seconds.
  path: Assets/AddOns
  artifactKey: Guid(4c58f1004df9341f4a0469fa509e1d6c) Importer(815301076,1909f56bfc062723c751e8b465ee728b)
Number of updated assets reloaded before import = 0
Start importing Assets/AddOns using Guid(4c58f1004df9341f4a0469fa509e1d6c) Importer(815301076,1909f56bfc062723c751e8b465ee728b)  -> (artifact id: 'e0013894526130769ce43cde276dbce0') in 0.000640 seconds 
Number of asset objects unloaded after import = 0
========================================================================
Received Import Request.
  Time since last request: 10.550161 seconds.
  path: Assets/Medieval Castle/Prefab/Stairs.prefab
  artifactKey: Guid(4a067c3c26d37034bb66c14f4c537187) Importer(815301076,1909f56bfc062723c751e8b465ee728b)
Number of updated assets reloaded before import = 0
Start importing Assets/Medieval Castle/Prefab/Stairs.prefab using Guid(4a067c3c26d37034bb66c14f4c537187) Importer(815301076,1909f56bfc062723c751e8b465ee728b)  -> (artifact id: 'b91785eab184c5aca0bf691a48560fd4') in 2.753016 seconds 
Number of asset objects unloaded after import = 26
========================================================================
Received Import Request.
  Time since last request: 0.000190 seconds.
  path: Assets/Medieval Castle/Prefab/Tower2_T.prefab
  artifactKey: Guid(774f5174dc3496b4d85b8404050834d8) Importer(815301076,1909f56bfc062723c751e8b465ee728b)
Number of updated assets reloaded before import = 0
Start importing Assets/Medieval Castle/Prefab/Tower2_T.prefab using Guid(774f5174dc3496b4d85b8404050834d8) Importer(815301076,1909f56bfc062723c751e8b465ee728b)  -> (artifact id: '6e69a27de8605e3d0a7965faeb7ffbf9') in 0.104251 seconds 
Number of asset objects unloaded after import = 31
========================================================================
Received Import Request.
  Time since last request: 0.000281 seconds.
  path: Assets/Medieval Castle/Prefab/Tower3A.prefab
  artifactKey: Guid(06975022d7d227f418d02a531c2d8d25) Importer(815301076,1909f56bfc062723c751e8b465ee728b)
Number of updated assets reloaded before import = 0
Start importing Assets/Medieval Castle/Prefab/Tower3A.prefab using Guid(06975022d7d227f418d02a531c2d8d25) Importer(815301076,1909f56bfc062723c751e8b465ee728b)  -> (artifact id: 'bfc520fb977af8887bd79409515ffbf9') in 0.134767 seconds 
Number of asset objects unloaded after import = 51
========================================================================
Received Import Request.
  Time since last request: 0.000068 seconds.
  path: Assets/Medieval Castle/Prefab/Tower1_A.prefab
  artifactKey: Guid(f59513f993fffb5428e6fbf5ab249679) Importer(815301076,1909f56bfc062723c751e8b465ee728b)
Number of updated assets reloaded before import = 0
Start importing Assets/Medieval Castle/Prefab/Tower1_A.prefab using Guid(f59513f993fffb5428e6fbf5ab249679) Importer(815301076,1909f56bfc062723c751e8b465ee728b)  -> (artifact id: '4a48f2304e8e55a113d05f58bc8cc9f2') in 0.067840 seconds 
Number of asset objects unloaded after import = 41
========================================================================
Received Import Request.
  Time since last request: 0.000047 seconds.
  path: Assets/Medieval Castle/Prefab/Tower2_T2.prefab
  artifactKey: Guid(dad4a38c42e646a45b2da5a4b983b3a1) Importer(815301076,1909f56bfc062723c751e8b465ee728b)
Number of updated assets reloaded before import = 0
Start importing Assets/Medieval Castle/Prefab/Tower2_T2.prefab using Guid(dad4a38c42e646a45b2da5a4b983b3a1) Importer(815301076,1909f56bfc062723c751e8b465ee728b)  -> (artifact id: '344dcfc2a24d2ce8d30514aa141b03cb') in 0.041925 seconds 
Number of asset objects unloaded after import = 31
========================================================================
Received Import Request.
  Time since last request: 0.000040 seconds.
  path: Assets/Medieval Castle/Prefab/Tower_1.prefab
  artifactKey: Guid(3d264bce8652bb649ad59ee0c6a368cc) Importer(815301076,1909f56bfc062723c751e8b465ee728b)
Number of updated assets reloaded before import = 0
Start importing Assets/Medieval Castle/Prefab/Tower_1.prefab using Guid(3d264bce8652bb649ad59ee0c6a368cc) Importer(815301076,1909f56bfc062723c751e8b465ee728b)  -> (artifact id: 'bde554d75cb648e7116e82c4ae101e54') in 0.061740 seconds 
Number of asset objects unloaded after import = 37
========================================================================
Received Import Request.
  Time since last request: 0.000053 seconds.
  path: Assets/Medieval Castle/Prefab/Wall_Gate.prefab
  artifactKey: Guid(fd1e86cc4fb91924190373db5f23282f) Importer(815301076,1909f56bfc062723c751e8b465ee728b)
Number of updated assets reloaded before import = 0
Start importing Assets/Medieval Castle/Prefab/Wall_Gate.prefab using Guid(fd1e86cc4fb91924190373db5f23282f) Importer(815301076,1909f56bfc062723c751e8b465ee728b)  -> (artifact id: 'd53c7a99314e4878fc7e32ef6b54be59') in 0.054328 seconds 
Number of asset objects unloaded after import = 36
========================================================================
Received Import Request.
  Time since last request: 0.000045 seconds.
  path: Assets/Medieval Castle/Prefab/Tower2_Roof.prefab
  artifactKey: Guid(a31bfdb1a5f138d468e30f4658ecc12b) Importer(815301076,1909f56bfc062723c751e8b465ee728b)
Number of updated assets reloaded before import = 0
Start importing Assets/Medieval Castle/Prefab/Tower2_Roof.prefab using Guid(a31bfdb1a5f138d468e30f4658ecc12b) Importer(815301076,1909f56bfc062723c751e8b465ee728b)  -> (artifact id: 'c37e20ec796a597968c8c86bd6ddf048') in 0.225889 seconds 
Number of asset objects unloaded after import = 35
========================================================================
Received Import Request.
  Time since last request: 0.000042 seconds.
  path: Assets/Medieval Castle/Prefab/Window.prefab
  artifactKey: Guid(18396ca14e2b0f449ba60e40fc936b98) Importer(815301076,1909f56bfc062723c751e8b465ee728b)
Number of updated assets reloaded before import = 0
Start importing Assets/Medieval Castle/Prefab/Window.prefab using Guid(18396ca14e2b0f449ba60e40fc936b98) Importer(815301076,1909f56bfc062723c751e8b465ee728b)  -> (artifact id: '3df85d714b44fe5aca20623b36db30eb') in 0.112739 seconds 
Number of asset objects unloaded after import = 32
========================================================================
Received Import Request.
  Time since last request: 0.000048 seconds.
  path: Assets/Medieval Castle/Prefab/Tower3A_Int.prefab
  artifactKey: Guid(b2b5b43868a7e5449a283fcdebb04a3f) Importer(815301076,1909f56bfc062723c751e8b465ee728b)
Number of updated assets reloaded before import = 0
Start importing Assets/Medieval Castle/Prefab/Tower3A_Int.prefab using Guid(b2b5b43868a7e5449a283fcdebb04a3f) Importer(815301076,1909f56bfc062723c751e8b465ee728b)  -> (artifact id: 'f2429f1f923b032347c1689a1760d665') in 0.055979 seconds 
Number of asset objects unloaded after import = 36
========================================================================
Received Import Request.
  Time since last request: 0.000051 seconds.
  path: Assets/Medieval Castle/Prefab/TowerS_Int.prefab
  artifactKey: Guid(ab9faa60872593b4f94cffd1693e7e8e) Importer(815301076,1909f56bfc062723c751e8b465ee728b)
Number of updated assets reloaded before import = 0
Start importing Assets/Medieval Castle/Prefab/TowerS_Int.prefab using Guid(ab9faa60872593b4f94cffd1693e7e8e) Importer(815301076,1909f56bfc062723c751e8b465ee728b)  -> (artifact id: '2a53b1b2a50ab68c492dc95b455ea2eb') in 0.053441 seconds 
Number of asset objects unloaded after import = 36
========================================================================
Received Import Request.
  Time since last request: 0.000084 seconds.
  path: Assets/Medieval Castle/Prefab/TowerS_Roof.prefab
  artifactKey: Guid(8add8652bb18518469a6b85d090a21e9) Importer(815301076,1909f56bfc062723c751e8b465ee728b)
Number of updated assets reloaded before import = 0
Start importing Assets/Medieval Castle/Prefab/TowerS_Roof.prefab using Guid(8add8652bb18518469a6b85d090a21e9) Importer(815301076,1909f56bfc062723c751e8b465ee728b)  -> (artifact id: '0262c63b1224e60ce2086e0a5acc129a') in 0.044263 seconds 
Number of asset objects unloaded after import = 35
========================================================================
Received Import Request.
  Time since last request: 0.000046 seconds.
  path: Assets/Medieval Castle/Prefab/TowerS.prefab
  artifactKey: Guid(57342dbf05c807e4691f403233d7ffa3) Importer(815301076,1909f56bfc062723c751e8b465ee728b)
Number of updated assets reloaded before import = 0
Start importing Assets/Medieval Castle/Prefab/TowerS.prefab using Guid(57342dbf05c807e4691f403233d7ffa3) Importer(815301076,1909f56bfc062723c751e8b465ee728b)  -> (artifact id: 'b2fa88d890748d88c8ef497d07277ce4') in 0.072778 seconds 
Number of asset objects unloaded after import = 46
========================================================================
Received Import Request.
  Time since last request: 0.000046 seconds.
  path: Assets/Medieval Castle/Prefab/Tower2A.prefab
  artifactKey: Guid(9f3e4d692b8a3f945a9a444d14ccd45c) Importer(815301076,1909f56bfc062723c751e8b465ee728b)
Number of updated assets reloaded before import = 0
Start importing Assets/Medieval Castle/Prefab/Tower2A.prefab using Guid(9f3e4d692b8a3f945a9a444d14ccd45c) Importer(815301076,1909f56bfc062723c751e8b465ee728b)  -> (artifact id: 'f839425cb133594e5e039045e5569302') in 0.070710 seconds 
Number of asset objects unloaded after import = 46
========================================================================
Received Import Request.
  Time since last request: 0.000050 seconds.
  path: Assets/Medieval Castle/Prefab/Step.prefab
  artifactKey: Guid(2d1e8be755f6ab44d92a35ea8536112a) Importer(815301076,1909f56bfc062723c751e8b465ee728b)
Number of updated assets reloaded before import = 0
Start importing Assets/Medieval Castle/Prefab/Step.prefab using Guid(2d1e8be755f6ab44d92a35ea8536112a) Importer(815301076,1909f56bfc062723c751e8b465ee728b)  -> (artifact id: '663c56d458d29a638a0e98863371eb8f') in 0.043192 seconds 
Number of asset objects unloaded after import = 20
========================================================================
Received Import Request.
  Time since last request: 0.000052 seconds.
  path: Assets/Medieval Castle/Prefab/Wall.prefab
  artifactKey: Guid(112d075ab48b1b943b155b6543f0b096) Importer(815301076,1909f56bfc062723c751e8b465ee728b)
Number of updated assets reloaded before import = 0
Start importing Assets/Medieval Castle/Prefab/Wall.prefab using Guid(112d075ab48b1b943b155b6543f0b096) Importer(815301076,1909f56bfc062723c751e8b465ee728b)  -> (artifact id: 'aadea3af2bc33df9b943c6f72d3ee48a') in 0.034953 seconds 
Number of asset objects unloaded after import = 31
========================================================================
Received Import Request.
  Time since last request: 0.000062 seconds.
  path: Assets/Medieval Castle/Prefab/Tower2_Int.prefab
  artifactKey: Guid(c0fbe600050d2e0468a8d5631cb56dab) Importer(815301076,1909f56bfc062723c751e8b465ee728b)
Number of updated assets reloaded before import = 0
Start importing Assets/Medieval Castle/Prefab/Tower2_Int.prefab using Guid(c0fbe600050d2e0468a8d5631cb56dab) Importer(815301076,1909f56bfc062723c751e8b465ee728b)  -> (artifact id: '75eeca50ae8b592b143ee04f3b9adbff') in 0.046345 seconds 
Number of asset objects unloaded after import = 36
========================================================================
Received Import Request.
  Time since last request: 0.000043 seconds.
  path: Assets/Medieval Castle/Prefab/Tower2.prefab
  artifactKey: Guid(23d9ad2de8bb603428b69b6574eb18f7) Importer(815301076,1909f56bfc062723c751e8b465ee728b)
Number of updated assets reloaded before import = 0
Start importing Assets/Medieval Castle/Prefab/Tower2.prefab using Guid(23d9ad2de8bb603428b69b6574eb18f7) Importer(815301076,1909f56bfc062723c751e8b465ee728b)  -> (artifact id: 'a7c44d67970cece72933b4309a9066dd') in 0.076554 seconds 
Number of asset objects unloaded after import = 46
========================================================================
Received Import Request.
  Time since last request: 0.000058 seconds.
  path: Assets/Medieval Castle/Prefab/Tower3.prefab
  artifactKey: Guid(0bf6a1b5eb731014a80e423b5f446448) Importer(815301076,1909f56bfc062723c751e8b465ee728b)
Number of updated assets reloaded before import = 0
Start importing Assets/Medieval Castle/Prefab/Tower3.prefab using Guid(0bf6a1b5eb731014a80e423b5f446448) Importer(815301076,1909f56bfc062723c751e8b465ee728b)  -> (artifact id: '0bb5ec27dffc4141cfa9a9bbac514c74') in 0.067827 seconds 
Number of asset objects unloaded after import = 51
========================================================================
Received Import Request.
  Time since last request: 0.000071 seconds.
  path: Assets/Medieval Castle/Prefab/tower1_Int.prefab
  artifactKey: Guid(8cff82f33d6acc64f8519fcefdfcc626) Importer(815301076,1909f56bfc062723c751e8b465ee728b)
Number of updated assets reloaded before import = 0
Start importing Assets/Medieval Castle/Prefab/tower1_Int.prefab using Guid(8cff82f33d6acc64f8519fcefdfcc626) Importer(815301076,1909f56bfc062723c751e8b465ee728b)  -> (artifact id: '408444e94f4ee8214915693c8c099de0') in 0.032647 seconds 
Number of asset objects unloaded after import = 31
========================================================================
Received Import Request.
  Time since last request: 34.135442 seconds.
  path: Assets/Michelle2.unity
  artifactKey: Guid(9f465474132954bceaffba3235b74b21) Importer(815301076,1909f56bfc062723c751e8b465ee728b)
Number of updated assets reloaded before import = 0
Start importing Assets/Michelle2.unity using Guid(9f465474132954bceaffba3235b74b21) Importer(815301076,1909f56bfc062723c751e8b465ee728b)  -> (artifact id: 'b5bb1b14721dbd9678bd585c93ae7754') in 0.002425 seconds 
Number of asset objects unloaded after import = 0
========================================================================
Received Import Request.
  Time since last request: 8.417243 seconds.
  path: Assets/School Bus
  artifactKey: Guid(f36172fd81dca4237aec513055021fc2) Importer(815301076,1909f56bfc062723c751e8b465ee728b)
Number of updated assets reloaded before import = 0
Start importing Assets/School Bus using Guid(f36172fd81dca4237aec513055021fc2) Importer(815301076,1909f56bfc062723c751e8b465ee728b)  -> (artifact id: '92b17a486c86666a824bf81c9e46531e') in 0.000768 seconds 
Number of asset objects unloaded after import = 0
